<?xml version="1.0" encoding="UTF-8"?>
<!-- Generated by org.testng.reporters.JUnitXMLReporter -->
<testsuite ignored="0" hostname="EC2AMAZ-S11DBRH" failures="0" tests="9" name="Default test" time="5.132" errors="0" timestamp="2024-02-05T07:01:48 GMT">
  <testcase classname="practice.TestNg_Example" name="LaunchBrowser" time="2.566"/>
  <testcase classname="practice.TestNg_Example" name="LoadPage" time="1.471"/>
  <testcase classname="practice.TestNg_Example" name="Fullname" time="0.27"/>
  <testcase classname="practice.TestNg_Example" name="Address" time="0.108"/>
  <testcase classname="practice.TestNg_Example" name="Email" time="0.249"/>
  <testcase classname="practice.TestNg_Example" name="Phone" time="0.131"/>
  <testcase classname="practice.TestNg_Example" name="Gender" time="0.104"/>
  <testcase classname="practice.TestNg_Example" name="Hobbies" time="0.097"/>
  <testcase classname="practice.TestNg_Example" name="Languages" time="0.034"/>
</testsuite> <!-- Default test -->
