<?xml version="1.0" encoding="UTF-8"?>
<!-- Generated by org.testng.reporters.JUnitXMLReporter -->
<testsuite ignored="0" hostname="Lenovo" failures="0" tests="16" name="Default test" time="19.423" errors="0" timestamp="2024-02-18T21:50:06 IST">
  <testcase classname="practice.TestNg_Example" name="LaunchBrowser" time="8.134"/>
  <testcase classname="practice.TestNg_Example" name="LoadPage" time="4.983"/>
  <testcase classname="practice.TestNg_Example" name="Fullname" time="0.92"/>
  <testcase classname="practice.TestNg_Example" name="Address" time="0.254"/>
  <testcase classname="practice.TestNg_Example" name="Email" time="0.239"/>
  <testcase classname="practice.TestNg_Example" name="Phone" time="0.215"/>
  <testcase classname="practice.TestNg_Example" name="Gender" time="0.199"/>
  <testcase classname="practice.TestNg_Example" name="Hobbies" time="0.161"/>
  <testcase classname="practice.TestNg_Example" name="Languages" time="0.465"/>
  <testcase classname="practice.TestNg_Example" name="Skills" time="0.287"/>
  <testcase classname="practice.TestNg_Example" name="Country" time="0.541"/>
  <testcase classname="practice.TestNg_Example" name="DOB" time="0.694"/>
  <testcase classname="practice.TestNg_Example" name="password" time="0.216"/>
  <testcase classname="practice.TestNg_Example" name="confirm" time="0.264"/>
  <testcase classname="practice.TestNg_Example" name="Submit" time="0.741"/>
  <testcase classname="practice.TestNg_Example" name="close" time="0.77"/>
</testsuite> <!-- Default test -->
