<?xml version="1.0" encoding="UTF-8"?>
<testng-results ignored="0" total="1" passed="1" failed="0" skipped="0">
  <reporter-output>
  </reporter-output>
  <suite started-at="2024-02-02T04:26:22 GMT" name="Default suite" finished-at="2024-02-02T04:26:40 GMT" duration-ms="17933">
    <groups>
    </groups>
    <test started-at="2024-02-02T04:26:22 GMT" name="Default test" finished-at="2024-02-02T04:26:40 GMT" duration-ms="17933">
      <class name="practice.AlertsPractice">
        <test-method signature="test1()[pri:0, instance:practice.AlertsPractice@f0da945]" started-at="2024-02-02T04:26:22 GMT" name="test1" finished-at="2024-02-02T04:26:40 GMT" duration-ms="17872" status="PASS">
          <reporter-output>
          </reporter-output>
        </test-method> <!-- test1 -->
      </class> <!-- practice.AlertsPractice -->
    </test> <!-- Default test -->
  </suite> <!-- Default suite -->
</testng-results>
