<?xml version="1.0" encoding="UTF-8"?>
<testng-results ignored="0" total="9" passed="9" failed="0" skipped="0">
  <reporter-output>
  </reporter-output>
  <suite started-at="2024-02-05T07:01:43 GMT" name="Default suite" finished-at="2024-02-05T07:01:48 GMT" duration-ms="5132">
    <groups>
    </groups>
    <test started-at="2024-02-05T07:01:43 GMT" name="Default test" finished-at="2024-02-05T07:01:48 GMT" duration-ms="5132">
      <class name="practice.TestNg_Example">
        <test-method signature="LaunchBrowser()[pri:0, instance:practice.TestNg_Example@32502377]" started-at="2024-02-05T07:01:43 GMT" name="LaunchBrowser" finished-at="2024-02-05T07:01:45 GMT" duration-ms="2566" status="PASS">
          <reporter-output>
          </reporter-output>
        </test-method> <!-- LaunchBrowser -->
        <test-method signature="LoadPage()[pri:1, instance:practice.TestNg_Example@32502377]" started-at="2024-02-05T07:01:45 GMT" name="LoadPage" finished-at="2024-02-05T07:01:47 GMT" duration-ms="1471" status="PASS">
          <reporter-output>
          </reporter-output>
        </test-method> <!-- LoadPage -->
        <test-method signature="Fullname()[pri:2, instance:practice.TestNg_Example@32502377]" started-at="2024-02-05T07:01:47 GMT" name="Fullname" finished-at="2024-02-05T07:01:47 GMT" duration-ms="270" status="PASS">
          <reporter-output>
          </reporter-output>
        </test-method> <!-- Fullname -->
        <test-method signature="Address()[pri:3, instance:practice.TestNg_Example@32502377]" started-at="2024-02-05T07:01:47 GMT" name="Address" finished-at="2024-02-05T07:01:47 GMT" duration-ms="108" status="PASS">
          <reporter-output>
          </reporter-output>
        </test-method> <!-- Address -->
        <test-method signature="Email()[pri:4, instance:practice.TestNg_Example@32502377]" started-at="2024-02-05T07:01:47 GMT" name="Email" finished-at="2024-02-05T07:01:47 GMT" duration-ms="249" status="PASS">
          <reporter-output>
          </reporter-output>
        </test-method> <!-- Email -->
        <test-method signature="Phone()[pri:5, instance:practice.TestNg_Example@32502377]" started-at="2024-02-05T07:01:47 GMT" name="Phone" finished-at="2024-02-05T07:01:48 GMT" duration-ms="131" status="PASS">
          <reporter-output>
          </reporter-output>
        </test-method> <!-- Phone -->
        <test-method signature="Gender()[pri:6, instance:practice.TestNg_Example@32502377]" started-at="2024-02-05T07:01:48 GMT" name="Gender" finished-at="2024-02-05T07:01:48 GMT" duration-ms="104" status="PASS">
          <reporter-output>
          </reporter-output>
        </test-method> <!-- Gender -->
        <test-method signature="Hobbies()[pri:7, instance:practice.TestNg_Example@32502377]" started-at="2024-02-05T07:01:48 GMT" name="Hobbies" finished-at="2024-02-05T07:01:48 GMT" duration-ms="97" status="PASS">
          <reporter-output>
          </reporter-output>
        </test-method> <!-- Hobbies -->
        <test-method signature="Languages()[pri:10, instance:practice.TestNg_Example@32502377]" started-at="2024-02-05T07:01:48 GMT" name="Languages" finished-at="2024-02-05T07:01:48 GMT" duration-ms="34" status="PASS">
          <reporter-output>
          </reporter-output>
        </test-method> <!-- Languages -->
      </class> <!-- practice.TestNg_Example -->
    </test> <!-- Default test -->
  </suite> <!-- Default suite -->
</testng-results>
